CRITICAL - 2022-02-03 05:07:55 --> Undefined variable $categories
#0 C:\Users\Maw DAGNON\Documents\Git_manage\codeigniter_project1\app\Views\pages\categories.php(613): CodeIgniter\Debug\Exceptions->errorHandler()
#1 C:\Users\Maw DAGNON\Documents\Git_manage\codeigniter_project1\system\View\View.php(210): include('...')
#2 C:\Users\Maw DAGNON\Documents\Git_manage\codeigniter_project1\system\View\View.php(213): CodeIgniter\View\View->CodeIgniter\View\{closure}()
#3 C:\Users\Maw DAGNON\Documents\Git_manage\codeigniter_project1\system\Common.php(1089): CodeIgniter\View\View->render()
#4 C:\Users\Maw DAGNON\Documents\Git_manage\codeigniter_project1\app\Controllers\MyHome.php(21): view()
#5 C:\Users\Maw DAGNON\Documents\Git_manage\codeigniter_project1\system\CodeIgniter.php(825): App\Controllers\MyHome->view()
#6 C:\Users\Maw DAGNON\Documents\Git_manage\codeigniter_project1\system\CodeIgniter.php(412): CodeIgniter\CodeIgniter->runController()
#7 C:\Users\Maw DAGNON\Documents\Git_manage\codeigniter_project1\system\CodeIgniter.php(320): CodeIgniter\CodeIgniter->handleRequest()
#8 C:\Users\Maw DAGNON\Documents\Git_manage\codeigniter_project1\public\index.php(37): CodeIgniter\CodeIgniter->run()
#9 C:\Users\Maw DAGNON\Documents\Git_manage\codeigniter_project1\system\Commands\Server\rewrite.php(43): require_once('...')
#10 {main}
CRITICAL - 2022-02-03 05:11:21 --> Undefined variable $categories
#0 C:\Users\Maw DAGNON\Documents\Git_manage\codeigniter_project1\app\Views\pages\categories.php(613): CodeIgniter\Debug\Exceptions->errorHandler()
#1 C:\Users\Maw DAGNON\Documents\Git_manage\codeigniter_project1\system\View\View.php(210): include('...')
#2 C:\Users\Maw DAGNON\Documents\Git_manage\codeigniter_project1\system\View\View.php(213): CodeIgniter\View\View->CodeIgniter\View\{closure}()
#3 C:\Users\Maw DAGNON\Documents\Git_manage\codeigniter_project1\system\Common.php(1089): CodeIgniter\View\View->render()
#4 C:\Users\Maw DAGNON\Documents\Git_manage\codeigniter_project1\app\Controllers\MyHome.php(21): view()
#5 C:\Users\Maw DAGNON\Documents\Git_manage\codeigniter_project1\system\CodeIgniter.php(825): App\Controllers\MyHome->view()
#6 C:\Users\Maw DAGNON\Documents\Git_manage\codeigniter_project1\system\CodeIgniter.php(412): CodeIgniter\CodeIgniter->runController()
#7 C:\Users\Maw DAGNON\Documents\Git_manage\codeigniter_project1\system\CodeIgniter.php(320): CodeIgniter\CodeIgniter->handleRequest()
#8 C:\Users\Maw DAGNON\Documents\Git_manage\codeigniter_project1\public\index.php(37): CodeIgniter\CodeIgniter->run()
#9 C:\Users\Maw DAGNON\Documents\Git_manage\codeigniter_project1\system\Commands\Server\rewrite.php(43): require_once('...')
#10 {main}
CRITICAL - 2022-02-03 05:11:32 --> Undefined variable $categories
#0 C:\Users\Maw DAGNON\Documents\Git_manage\codeigniter_project1\app\Views\pages\categories.php(613): CodeIgniter\Debug\Exceptions->errorHandler()
#1 C:\Users\Maw DAGNON\Documents\Git_manage\codeigniter_project1\system\View\View.php(210): include('...')
#2 C:\Users\Maw DAGNON\Documents\Git_manage\codeigniter_project1\system\View\View.php(213): CodeIgniter\View\View->CodeIgniter\View\{closure}()
#3 C:\Users\Maw DAGNON\Documents\Git_manage\codeigniter_project1\system\Common.php(1089): CodeIgniter\View\View->render()
#4 C:\Users\Maw DAGNON\Documents\Git_manage\codeigniter_project1\app\Controllers\MyHome.php(21): view()
#5 C:\Users\Maw DAGNON\Documents\Git_manage\codeigniter_project1\system\CodeIgniter.php(825): App\Controllers\MyHome->view()
#6 C:\Users\Maw DAGNON\Documents\Git_manage\codeigniter_project1\system\CodeIgniter.php(412): CodeIgniter\CodeIgniter->runController()
#7 C:\Users\Maw DAGNON\Documents\Git_manage\codeigniter_project1\system\CodeIgniter.php(320): CodeIgniter\CodeIgniter->handleRequest()
#8 C:\Users\Maw DAGNON\Documents\Git_manage\codeigniter_project1\public\index.php(37): CodeIgniter\CodeIgniter->run()
#9 C:\Users\Maw DAGNON\Documents\Git_manage\codeigniter_project1\system\Commands\Server\rewrite.php(43): require_once('...')
#10 {main}
CRITICAL - 2022-02-03 05:20:56 --> Undefined variable $categories
#0 C:\Users\Maw DAGNON\Documents\Git_manage\codeigniter_project1\app\Views\pages\categories.php(613): CodeIgniter\Debug\Exceptions->errorHandler()
#1 C:\Users\Maw DAGNON\Documents\Git_manage\codeigniter_project1\system\View\View.php(210): include('...')
#2 C:\Users\Maw DAGNON\Documents\Git_manage\codeigniter_project1\system\View\View.php(213): CodeIgniter\View\View->CodeIgniter\View\{closure}()
#3 C:\Users\Maw DAGNON\Documents\Git_manage\codeigniter_project1\system\Common.php(1089): CodeIgniter\View\View->render()
#4 C:\Users\Maw DAGNON\Documents\Git_manage\codeigniter_project1\app\Controllers\MyHome.php(21): view()
#5 C:\Users\Maw DAGNON\Documents\Git_manage\codeigniter_project1\system\CodeIgniter.php(825): App\Controllers\MyHome->view()
#6 C:\Users\Maw DAGNON\Documents\Git_manage\codeigniter_project1\system\CodeIgniter.php(412): CodeIgniter\CodeIgniter->runController()
#7 C:\Users\Maw DAGNON\Documents\Git_manage\codeigniter_project1\system\CodeIgniter.php(320): CodeIgniter\CodeIgniter->handleRequest()
#8 C:\Users\Maw DAGNON\Documents\Git_manage\codeigniter_project1\public\index.php(37): CodeIgniter\CodeIgniter->run()
#9 C:\Users\Maw DAGNON\Documents\Git_manage\codeigniter_project1\system\Commands\Server\rewrite.php(43): require_once('...')
#10 {main}
CRITICAL - 2022-02-03 05:22:48 --> Undefined variable $categories
#0 C:\Users\Maw DAGNON\Documents\Git_manage\codeigniter_project1\app\Views\pages\categories.php(613): CodeIgniter\Debug\Exceptions->errorHandler()
#1 C:\Users\Maw DAGNON\Documents\Git_manage\codeigniter_project1\system\View\View.php(210): include('...')
#2 C:\Users\Maw DAGNON\Documents\Git_manage\codeigniter_project1\system\View\View.php(213): CodeIgniter\View\View->CodeIgniter\View\{closure}()
#3 C:\Users\Maw DAGNON\Documents\Git_manage\codeigniter_project1\system\Common.php(1089): CodeIgniter\View\View->render()
#4 C:\Users\Maw DAGNON\Documents\Git_manage\codeigniter_project1\app\Controllers\MyHome.php(21): view()
#5 C:\Users\Maw DAGNON\Documents\Git_manage\codeigniter_project1\system\CodeIgniter.php(825): App\Controllers\MyHome->view()
#6 C:\Users\Maw DAGNON\Documents\Git_manage\codeigniter_project1\system\CodeIgniter.php(412): CodeIgniter\CodeIgniter->runController()
#7 C:\Users\Maw DAGNON\Documents\Git_manage\codeigniter_project1\system\CodeIgniter.php(320): CodeIgniter\CodeIgniter->handleRequest()
#8 C:\Users\Maw DAGNON\Documents\Git_manage\codeigniter_project1\public\index.php(37): CodeIgniter\CodeIgniter->run()
#9 C:\Users\Maw DAGNON\Documents\Git_manage\codeigniter_project1\system\Commands\Server\rewrite.php(43): require_once('...')
#10 {main}
CRITICAL - 2022-02-03 05:23:05 --> Undefined variable $categories
#0 C:\Users\Maw DAGNON\Documents\Git_manage\codeigniter_project1\app\Views\pages\categories.php(613): CodeIgniter\Debug\Exceptions->errorHandler()
#1 C:\Users\Maw DAGNON\Documents\Git_manage\codeigniter_project1\system\View\View.php(210): include('...')
#2 C:\Users\Maw DAGNON\Documents\Git_manage\codeigniter_project1\system\View\View.php(213): CodeIgniter\View\View->CodeIgniter\View\{closure}()
#3 C:\Users\Maw DAGNON\Documents\Git_manage\codeigniter_project1\system\Common.php(1089): CodeIgniter\View\View->render()
#4 C:\Users\Maw DAGNON\Documents\Git_manage\codeigniter_project1\app\Controllers\MyHome.php(21): view()
#5 C:\Users\Maw DAGNON\Documents\Git_manage\codeigniter_project1\system\CodeIgniter.php(825): App\Controllers\MyHome->view()
#6 C:\Users\Maw DAGNON\Documents\Git_manage\codeigniter_project1\system\CodeIgniter.php(412): CodeIgniter\CodeIgniter->runController()
#7 C:\Users\Maw DAGNON\Documents\Git_manage\codeigniter_project1\system\CodeIgniter.php(320): CodeIgniter\CodeIgniter->handleRequest()
#8 C:\Users\Maw DAGNON\Documents\Git_manage\codeigniter_project1\public\index.php(37): CodeIgniter\CodeIgniter->run()
#9 C:\Users\Maw DAGNON\Documents\Git_manage\codeigniter_project1\system\Commands\Server\rewrite.php(43): require_once('...')
#10 {main}
CRITICAL - 2022-02-03 05:29:16 --> Undefined variable $categories
#0 C:\Users\Maw DAGNON\Documents\Git_manage\codeigniter_project1\app\Views\pages\overview.php(91): CodeIgniter\Debug\Exceptions->errorHandler()
#1 C:\Users\Maw DAGNON\Documents\Git_manage\codeigniter_project1\system\View\View.php(210): include('...')
#2 C:\Users\Maw DAGNON\Documents\Git_manage\codeigniter_project1\system\View\View.php(213): CodeIgniter\View\View->CodeIgniter\View\{closure}()
#3 C:\Users\Maw DAGNON\Documents\Git_manage\codeigniter_project1\system\Common.php(1089): CodeIgniter\View\View->render()
#4 C:\Users\Maw DAGNON\Documents\Git_manage\codeigniter_project1\app\Controllers\MyHome.php(21): view()
#5 C:\Users\Maw DAGNON\Documents\Git_manage\codeigniter_project1\system\CodeIgniter.php(825): App\Controllers\MyHome->view()
#6 C:\Users\Maw DAGNON\Documents\Git_manage\codeigniter_project1\system\CodeIgniter.php(412): CodeIgniter\CodeIgniter->runController()
#7 C:\Users\Maw DAGNON\Documents\Git_manage\codeigniter_project1\system\CodeIgniter.php(320): CodeIgniter\CodeIgniter->handleRequest()
#8 C:\Users\Maw DAGNON\Documents\Git_manage\codeigniter_project1\public\index.php(37): CodeIgniter\CodeIgniter->run()
#9 C:\Users\Maw DAGNON\Documents\Git_manage\codeigniter_project1\system\Commands\Server\rewrite.php(43): require_once('...')
#10 {main}
CRITICAL - 2022-02-03 05:31:10 --> Undefined variable $categories
#0 C:\Users\Maw DAGNON\Documents\Git_manage\codeigniter_project1\app\Views\pages\overview.php(91): CodeIgniter\Debug\Exceptions->errorHandler()
#1 C:\Users\Maw DAGNON\Documents\Git_manage\codeigniter_project1\system\View\View.php(210): include('...')
#2 C:\Users\Maw DAGNON\Documents\Git_manage\codeigniter_project1\system\View\View.php(213): CodeIgniter\View\View->CodeIgniter\View\{closure}()
#3 C:\Users\Maw DAGNON\Documents\Git_manage\codeigniter_project1\system\Common.php(1089): CodeIgniter\View\View->render()
#4 C:\Users\Maw DAGNON\Documents\Git_manage\codeigniter_project1\app\Controllers\MyHome.php(21): view()
#5 C:\Users\Maw DAGNON\Documents\Git_manage\codeigniter_project1\system\CodeIgniter.php(825): App\Controllers\MyHome->view()
#6 C:\Users\Maw DAGNON\Documents\Git_manage\codeigniter_project1\system\CodeIgniter.php(412): CodeIgniter\CodeIgniter->runController()
#7 C:\Users\Maw DAGNON\Documents\Git_manage\codeigniter_project1\system\CodeIgniter.php(320): CodeIgniter\CodeIgniter->handleRequest()
#8 C:\Users\Maw DAGNON\Documents\Git_manage\codeigniter_project1\public\index.php(37): CodeIgniter\CodeIgniter->run()
#9 C:\Users\Maw DAGNON\Documents\Git_manage\codeigniter_project1\system\Commands\Server\rewrite.php(43): require_once('...')
#10 {main}
CRITICAL - 2022-02-03 10:53:17 --> Undefined array key "http://localhost:8080/index.php/categories"
#0 C:\Users\Maw DAGNON\Documents\Git_manage\codeigniter_project1\app\Controllers\Category.php(27): CodeIgniter\Debug\Exceptions->errorHandler()
#1 C:\Users\Maw DAGNON\Documents\Git_manage\codeigniter_project1\system\CodeIgniter.php(825): App\Controllers\Category->store()
#2 C:\Users\Maw DAGNON\Documents\Git_manage\codeigniter_project1\system\CodeIgniter.php(412): CodeIgniter\CodeIgniter->runController()
#3 C:\Users\Maw DAGNON\Documents\Git_manage\codeigniter_project1\system\CodeIgniter.php(320): CodeIgniter\CodeIgniter->handleRequest()
#4 C:\Users\Maw DAGNON\Documents\Git_manage\codeigniter_project1\public\index.php(37): CodeIgniter\CodeIgniter->run()
#5 C:\Users\Maw DAGNON\Documents\Git_manage\codeigniter_project1\system\Commands\Server\rewrite.php(43): require_once('...')
#6 {main}
ERROR - 2022-02-03 11:22:46 --> Le champ 'category' ne peut être vide (null)
CRITICAL - 2022-02-03 11:22:46 --> Le champ 'category' ne peut être vide (null)
#0 C:\Users\Maw DAGNON\Documents\Git_manage\codeigniter_project1\system\Database\MySQLi\Connection.php(292): mysqli->query()
#1 C:\Users\Maw DAGNON\Documents\Git_manage\codeigniter_project1\system\Database\BaseConnection.php(670): CodeIgniter\Database\MySQLi\Connection->execute()
#2 C:\Users\Maw DAGNON\Documents\Git_manage\codeigniter_project1\system\Database\BaseConnection.php(598): CodeIgniter\Database\BaseConnection->simpleQuery()
#3 C:\Users\Maw DAGNON\Documents\Git_manage\codeigniter_project1\system\Database\BaseBuilder.php(1771): CodeIgniter\Database\BaseConnection->query()
#4 C:\Users\Maw DAGNON\Documents\Git_manage\codeigniter_project1\system\Model.php(239): CodeIgniter\Database\BaseBuilder->insert()
#5 C:\Users\Maw DAGNON\Documents\Git_manage\codeigniter_project1\system\BaseModel.php(738): CodeIgniter\Model->doInsert()
#6 C:\Users\Maw DAGNON\Documents\Git_manage\codeigniter_project1\system\Model.php(625): CodeIgniter\BaseModel->insert()
#7 C:\Users\Maw DAGNON\Documents\Git_manage\codeigniter_project1\app\Controllers\Transaction.php(28): CodeIgniter\Model->insert()
#8 C:\Users\Maw DAGNON\Documents\Git_manage\codeigniter_project1\system\CodeIgniter.php(825): App\Controllers\Transaction->store()
#9 C:\Users\Maw DAGNON\Documents\Git_manage\codeigniter_project1\system\CodeIgniter.php(412): CodeIgniter\CodeIgniter->runController()
#10 C:\Users\Maw DAGNON\Documents\Git_manage\codeigniter_project1\system\CodeIgniter.php(320): CodeIgniter\CodeIgniter->handleRequest()
#11 C:\Users\Maw DAGNON\Documents\Git_manage\codeigniter_project1\public\index.php(37): CodeIgniter\CodeIgniter->run()
#12 C:\Users\Maw DAGNON\Documents\Git_manage\codeigniter_project1\system\Commands\Server\rewrite.php(43): require_once('...')
#13 {main}
